The system is: Windows - 10.0.19045 - AMD64
Compiling the C compiler identification source file "CMakeCCompilerId.c" succeeded.
Compiler: C:/Program Files/Microsoft Visual Studio/2022/Community/VC/Tools/MSVC/14.34.31933/bin/Hostx86/x86/cl.exe 
Build flags: 
Id flags:  

The output was:
0
Microsoft (R) C/C++ Optimizing Compiler Version 19.34.31937 for x86
Copyright (C) Microsoft Corporation.  All rights reserved.

CMakeCCompilerId.c
Microsoft (R) Incremental Linker Version 14.34.31937.0
Copyright (C) Microsoft Corporation.  All rights reserved.

/out:CMakeCCompilerId.exe 
CMakeCCompilerId.obj 


Compilation of the C compiler identification source "CMakeCCompilerId.c" produced "CMakeCCompilerId.exe"

Compilation of the C compiler identification source "CMakeCCompilerId.c" produced "CMakeCCompilerId.obj"

The C compiler identification is MSVC, found in "C:/SOTA/OC_SORT_CPP/cmake-build-debug/CMakeFiles/3.24.2/CompilerIdC/CMakeCCompilerId.exe"

Compiling the CXX compiler identification source file "CMakeCXXCompilerId.cpp" succeeded.
Compiler: C:/Program Files/Microsoft Visual Studio/2022/Community/VC/Tools/MSVC/14.34.31933/bin/Hostx86/x86/cl.exe 
Build flags: 
Id flags:  

The output was:
0
Microsoft (R) C/C++ Optimizing Compiler Version 19.34.31937 for x86
Copyright (C) Microsoft Corporation.  All rights reserved.

CMakeCXXCompilerId.cpp
Microsoft (R) Incremental Linker Version 14.34.31937.0
Copyright (C) Microsoft Corporation.  All rights reserved.

/out:CMakeCXXCompilerId.exe 
CMakeCXXCompilerId.obj 


Compilation of the CXX compiler identification source "CMakeCXXCompilerId.cpp" produced "CMakeCXXCompilerId.exe"

Compilation of the CXX compiler identification source "CMakeCXXCompilerId.cpp" produced "CMakeCXXCompilerId.obj"

The CXX compiler identification is MSVC, found in "C:/SOTA/OC_SORT_CPP/cmake-build-debug/CMakeFiles/3.24.2/CompilerIdCXX/CMakeCXXCompilerId.exe"

Detecting C compiler ABI info compiled with the following output:
Change Dir: C:/SOTA/OC_SORT_CPP/cmake-build-debug/CMakeFiles/CMakeTmp

Run Build Command(s):C:/Users/GYQ/AppData/Local/JetBrains/Toolbox/apps/CLion/ch-0/223.8836.42/bin/ninja/win/x64/ninja.exe cmTC_5a0fa && [1/2] Building C object CMakeFiles\cmTC_5a0fa.dir\CMakeCCompilerABI.c.obj
[2/2] Linking C executable cmTC_5a0fa.exe



Detecting CXX compiler ABI info compiled with the following output:
Change Dir: C:/SOTA/OC_SORT_CPP/cmake-build-debug/CMakeFiles/CMakeTmp

Run Build Command(s):C:/Users/GYQ/AppData/Local/JetBrains/Toolbox/apps/CLion/ch-0/223.8836.42/bin/ninja/win/x64/ninja.exe cmTC_51bdc && [1/2] Building CXX object CMakeFiles\cmTC_51bdc.dir\CMakeCXXCompilerABI.cpp.obj
[2/2] Linking CXX executable cmTC_51bdc.exe



